<?xml version="1.0" encoding="UTF-8" ?>
<testsuite tests="27" failures="0" name="edu.stanford.nlp.loglinear.model.ConcatVectorTest" time="15.061" errors="0" skipped="0">
  <properties>
[...]
</properties>
  <testcase classname="edu.stanford.nlp.loglinear.model.ConcatVectorTest" name="testElementwiseDenseToDense" time="0.704"/>
  <testcase classname="edu.stanford.nlp.loglinear.model.ConcatVectorTest" name="testResizeOnSetComponent" time="0.005"/>
  <testcase classname="edu.stanford.nlp.loglinear.model.ConcatVectorTest" name="testAppendSparseComponent" time="1.529"/>
  <testcase classname="edu.stanford.nlp.loglinear.model.ConcatVectorTest" name="testElementwiseDenseToSparse" time="1.137"/>
  <testcase classname="edu.stanford.nlp.loglinear.model.ConcatVectorTest" name="testProtoVector" time="0.16"/>
  <testcase classname="edu.stanford.nlp.loglinear.model.ConcatVectorTest" name="testMap" time="0.006"/>
  <testcase classname="edu.stanford.nlp.loglinear.model.ConcatVectorTest" name="testDeepClone" time="0.118"/>
  <testcase classname="edu.stanford.nlp.loglinear.model.ConcatVectorTest" name="testSizes" time="0.003"/>
  <testcase classname="edu.stanford.nlp.loglinear.model.ConcatVectorTest" name="testInnerProduct2" time="0.124"/>
  <testcase classname="edu.stanford.nlp.loglinear.model.ConcatVectorTest" name="testAddDenseToSparse" time="0.887"/>
  <testcase classname="edu.stanford.nlp.loglinear.model.ConcatVectorTest" name="testRetrieveDense" time="0.005"/>
  <testcase classname="edu.stanford.nlp.loglinear.model.ConcatVectorTest" name="testElementwiseProduct" time="0.151"/>
  <testcase classname="edu.stanford.nlp.loglinear.model.ConcatVectorTest" name="testAddDenseToDense" time="0.395"/>
  <testcase classname="edu.stanford.nlp.loglinear.model.ConcatVectorTest" name="testAddSparseToSparse" time="3.569"/>
  <testcase classname="edu.stanford.nlp.loglinear.model.ConcatVectorTest" name="testDeepCloneGetValueAt" time="0.011"/>
  <testcase classname="edu.stanford.nlp.loglinear.model.ConcatVectorTest" name="testElementwiseSparseToDense" time="1.146"/>
  <testcase classname="edu.stanford.nlp.loglinear.model.ConcatVectorTest" name="testAppendDenseComponent" time="0.013"/>
  <testcase classname="edu.stanford.nlp.loglinear.model.ConcatVectorTest" name="testIsSparse" time="0.004"/>
  <testcase classname="edu.stanford.nlp.loglinear.model.ConcatVectorTest" name="testGetValueAt" time="0.003"/>
  <testcase classname="edu.stanford.nlp.loglinear.model.ConcatVectorTest" name="testAddSparseToDense" time="1.18"/>
  <testcase classname="edu.stanford.nlp.loglinear.model.ConcatVectorTest" name="testAddVector" time="0.138"/>
  <testcase classname="edu.stanford.nlp.loglinear.model.ConcatVectorTest" name="testGetSparseIndex" time="1.071"/>
  <testcase classname="edu.stanford.nlp.loglinear.model.ConcatVectorTest" name="testElementwiseSparseToSparse" time="2.623"/>
  <testcase classname="edu.stanford.nlp.loglinear.model.ConcatVectorTest" name="testNewEmptyClone" time="0.002"/>
  <testcase classname="edu.stanford.nlp.loglinear.model.ConcatVectorTest" name="testCopyOnWrite" time="0.002"/>
  <testcase classname="edu.stanford.nlp.loglinear.model.ConcatVectorTest" name="testInnerProduct" time="0.072"/>
  <testcase classname="edu.stanford.nlp.loglinear.model.ConcatVectorTest" name="testValueEquals" time="0.003"/>
</testsuite>